namespace/percona created
issuer.cert-manager.io/letsencrypt-staging created
issuer.cert-manager.io/letsencrypt-prod created
NAME: percona
LAST DEPLOYED: Tue Jun  9 15:34:50 2020
NAMESPACE: percona
STATUS: deployed
REVISION: 1
NOTES:
Percona can be accessed via port 3306 on the following DNS name from within your cluster:
percona-pxc.percona.svc.cluster.local

To get your root password run (this password can only be used from inside the container):

    $ kubectl get secret --namespace percona percona-pxc -o jsonpath="{.data.mysql-root-password}" | base64 --decode; echo

To get your xtradb backup password run:

    $ kubectl get secret --namespace percona percona-pxc -o jsonpath="{.data.xtrabackup-password}" | base64 --decode; echo

To check the size of the xtradb cluster:

    $ kubectl exec --namespace percona -ti percona-pxc-0 -c database -- mysql -e "SHOW GLOBAL STATUS LIKE 'wsrep_cluster_size'"

To connect to your database:

1. Run a command in the first pod in the StatefulSet:

    $ kubectl exec --namespace percona -ti percona-pxc-0 -c database -- mysql

2. Run a percona pod that you can use as a client:

    $ kubectl run -i --tty --rm percona-client --image=percona:5.7.19 --restart=Never -- mysql -h percona-pxc.percona.svc.cluster.local -utest \
      -p$(kubectl get secret --namespace percona percona-pxc -o jsonpath="{.data.mysql-password}" | base64 --decode; echo) \
     testdb

To view your Percona XtraDB Cluster logs run:

  $ kubectl logs -f percona-pxc-0 logs
